Using pre-set license
Built from '2022.3/staging' branch; Version is '2022.3.36f1 (95a4219250e5) revision 9806881'; Using compiler version '192829333'; Build Type 'Release'
OS: 'Windows 11  (10.0.26100) 64bit Core' Language: 'ru' Physical Memory: 14188 MB
BatchMode: 1, IsHumanControllingUs: 0, StartBugReporterOnCrash: 0, Is64bit: 1, IsPro: 1

COMMAND LINE ARGUMENTS:
C:\Program Files\Unity\Hub\Editor\2022.3.36f1\Editor\Unity.exe
-adb2
-batchMode
-noUpm
-name
AssetImportWorker9
-projectPath
D:/БГУИР/ПГиЗ/КУРСАЧ/Решение/Game_Platformer/Platformer
-logFile
Logs/AssetImportWorker9.log
-srvPort
1306
Successfully changed project path to: D:/БГУИР/ПГиЗ/КУРСАЧ/Решение/Game_Platformer/Platformer
D:/БГУИР/ПГиЗ/КУРСАЧ/Решение/Game_Platformer/Platformer
[UnityMemory] Configuration Parameters - Can be set up in boot.config
    "memorysetup-bucket-allocator-granularity=16"
    "memorysetup-bucket-allocator-bucket-count=8"
    "memorysetup-bucket-allocator-block-size=33554432"
    "memorysetup-bucket-allocator-block-count=8"
    "memorysetup-main-allocator-block-size=16777216"
    "memorysetup-thread-allocator-block-size=16777216"
    "memorysetup-gfx-main-allocator-block-size=16777216"
    "memorysetup-gfx-thread-allocator-block-size=16777216"
    "memorysetup-cache-allocator-block-size=4194304"
    "memorysetup-typetree-allocator-block-size=2097152"
    "memorysetup-profiler-bucket-allocator-granularity=16"
    "memorysetup-profiler-bucket-allocator-bucket-count=8"
    "memorysetup-profiler-bucket-allocator-block-size=33554432"
    "memorysetup-profiler-bucket-allocator-block-count=8"
    "memorysetup-profiler-allocator-block-size=16777216"
    "memorysetup-profiler-editor-allocator-block-size=1048576"
    "memorysetup-temp-allocator-size-main=16777216"
    "memorysetup-job-temp-allocator-block-size=2097152"
    "memorysetup-job-temp-allocator-block-size-background=1048576"
    "memorysetup-job-temp-allocator-reduction-small-platforms=262144"
    "memorysetup-allocator-temp-initial-block-size-main=262144"
    "memorysetup-allocator-temp-initial-block-size-worker=262144"
    "memorysetup-temp-allocator-size-background-worker=32768"
    "memorysetup-temp-allocator-size-job-worker=262144"
    "memorysetup-temp-allocator-size-preload-manager=33554432"
    "memorysetup-temp-allocator-size-nav-mesh-worker=65536"
    "memorysetup-temp-allocator-size-audio-worker=65536"
    "memorysetup-temp-allocator-size-cloud-worker=32768"
    "memorysetup-temp-allocator-size-gi-baking-worker=262144"
    "memorysetup-temp-allocator-size-gfx=262144"
Player connection [30688] Host "[IP] 192.168.31.67 [Port] 0 [Flags] 2 [Guid] 449430140 [EditorId] 449430140 [Version] 1048832 [Id] WindowsEditor(7,Legion) [Debug] 1 [PackageName] WindowsEditor [ProjectName] Editor" joined multi-casting on [225.0.0.222:54997]...

Player connection [30688] Host "[IP] 192.168.31.67 [Port] 0 [Flags] 2 [Guid] 449430140 [EditorId] 449430140 [Version] 1048832 [Id] WindowsEditor(7,Legion) [Debug] 1 [PackageName] WindowsEditor [ProjectName] Editor" joined alternative multi-casting on [225.0.0.222:34997]...

[PhysX] Initialized MultithreadedTaskDispatcher with 16 workers.
Refreshing native plugins compatible for Editor in 25.48 ms, found 4 plugins.
Preloading 0 native plugins for Editor in 0.00 ms.
Initialize engine version: 2022.3.36f1 (95a4219250e5)
[Subsystems] Discovering subsystems at path C:/Program Files/Unity/Hub/Editor/2022.3.36f1/Editor/Data/Resources/UnitySubsystems
[Subsystems] Discovering subsystems at path D:/БГУИР/ПГиЗ/КУРСАЧ/Решение/Game_Platformer/Platformer/Assets
GfxDevice: creating device client; threaded=0; jobified=0
Direct3D:
    Version:  Direct3D 11.0 [level 11.1]
    Renderer: NVIDIA GeForce RTX 3060 Laptop GPU (ID=0x2560)
    Vendor:   NVIDIA
    VRAM:     5996 MB
    Driver:   32.0.15.6603
Initialize mono
Mono path[0] = 'C:/Program Files/Unity/Hub/Editor/2022.3.36f1/Editor/Data/Managed'
Mono path[1] = 'C:/Program Files/Unity/Hub/Editor/2022.3.36f1/Editor/Data/MonoBleedingEdge/lib/mono/unityjit-win32'
Mono config path = 'C:/Program Files/Unity/Hub/Editor/2022.3.36f1/Editor/Data/MonoBleedingEdge/etc'
Using monoOptions --debugger-agent=transport=dt_socket,embedding=1,server=y,suspend=n,address=127.0.0.1:56672
Begin MonoManager ReloadAssembly
Registering precompiled unity dll's ...
Register platform support module: C:/Program Files/Unity/Hub/Editor/2022.3.36f1/Editor/Data/PlaybackEngines/WebGLSupport/UnityEditor.WebGL.Extensions.dll
Register platform support module: C:/Program Files/Unity/Hub/Editor/2022.3.36f1/Editor/Data/PlaybackEngines/AndroidPlayer/UnityEditor.Android.Extensions.dll
Register platform support module: C:/Program Files/Unity/Hub/Editor/2022.3.36f1/Editor/Data/PlaybackEngines/iOSSupport/UnityEditor.iOS.Extensions.dll
Register platform support module: C:/Program Files/Unity/Hub/Editor/2022.3.36f1/Editor/Data/PlaybackEngines/WindowsStandaloneSupport/UnityEditor.WindowsStandalone.Extensions.dll
Registered in 0.014612 seconds.
- Loaded All Assemblies, in  0.335 seconds
Native extension for WindowsStandalone target not found
[usbmuxd] Start listen thread
[usbmuxd] Listen thread started
Native extension for iOS target not found
Native extension for Android target not found
Android Extension - Scanning For ADB Devices 278 ms
Native extension for WebGL target not found
Mono: successfully reloaded assembly
- Finished resetting the current domain, in  0.593 seconds
Domain Reload Profiling: 925ms
	BeginReloadAssembly (101ms)
		ExecutionOrderSort (0ms)
		DisableScriptedObjects (0ms)
		BackupInstance (0ms)
		ReleaseScriptingObjects (0ms)
		CreateAndSetChildDomain (1ms)
	RebuildCommonClasses (29ms)
	RebuildNativeTypeToScriptingClass (9ms)
	initialDomainReloadingComplete (62ms)
	LoadAllAssembliesAndSetupDomain (131ms)
		LoadAssemblies (99ms)
		RebuildTransferFunctionScriptingTraits (0ms)
		AnalyzeDomain (129ms)
			TypeCache.Refresh (127ms)
				TypeCache.ScanAssembly (116ms)
			ScanForSourceGeneratedMonoScriptInfo (0ms)
			ResolveRequiredComponents (0ms)
	FinalizeReload (593ms)
		ReleaseScriptCaches (0ms)
		RebuildScriptCaches (0ms)
		SetupLoadedEditorAssemblies (540ms)
			LogAssemblyErrors (0ms)
			InitializePlatformSupportModulesInManaged (386ms)
			SetLoadedEditorAssemblies (3ms)
			RefreshPlugins (0ms)
			BeforeProcessingInitializeOnLoad (2ms)
			ProcessInitializeOnLoadAttributes (110ms)
			ProcessInitializeOnLoadMethodAttributes (40ms)
			AfterProcessingInitializeOnLoad (0ms)
			EditorAssembliesLoaded (0ms)
		ExecutionOrderSort2 (0ms)
		AwakeInstancesAfterBackupRestoration (0ms)
========================================================================
Worker process is ready to serve import requests
Begin MonoManager ReloadAssembly
- Loaded All Assemblies, in  0.753 seconds
Refreshing native plugins compatible for Editor in 3.61 ms, found 4 plugins.
Native extension for WindowsStandalone target not found
Native extension for iOS target not found
Native extension for Android target not found
Native extension for WebGL target not found
Package Manager log level set to [2]
[Package Manager] Server::EnsureServerProcessIsRunning -- launch failed, reason: Unity was launched with the -noUpm command-line argument
[Package Manager] UpmClient::Send -- Unable to send message (not connected to UPM process).
[Package Manager] Cannot connect to Unity Package Manager local server
Mono: successfully reloaded assembly
- Finished resetting the current domain, in  0.779 seconds
Domain Reload Profiling: 1514ms
	BeginReloadAssembly (134ms)
		ExecutionOrderSort (0ms)
		DisableScriptedObjects (5ms)
		BackupInstance (0ms)
		ReleaseScriptingObjects (0ms)
		CreateAndSetChildDomain (20ms)
	RebuildCommonClasses (27ms)
	RebuildNativeTypeToScriptingClass (8ms)
	initialDomainReloadingComplete (40ms)
	LoadAllAssembliesAndSetupDomain (525ms)
		LoadAssemblies (388ms)
		RebuildTransferFunctionScriptingTraits (0ms)
		AnalyzeDomain (216ms)
			TypeCache.Refresh (179ms)
				TypeCache.ScanAssembly (162ms)
			ScanForSourceGeneratedMonoScriptInfo (26ms)
			ResolveRequiredComponents (10ms)
	FinalizeReload (780ms)
		ReleaseScriptCaches (0ms)
		RebuildScriptCaches (0ms)
		SetupLoadedEditorAssemblies (622ms)
			LogAssemblyErrors (0ms)
			InitializePlatformSupportModulesInManaged (35ms)
			SetLoadedEditorAssemblies (3ms)
			RefreshPlugins (0ms)
			BeforeProcessingInitializeOnLoad (75ms)
			ProcessInitializeOnLoadAttributes (423ms)
			ProcessInitializeOnLoadMethodAttributes (78ms)
			AfterProcessingInitializeOnLoad (8ms)
			EditorAssembliesLoaded (0ms)
		ExecutionOrderSort2 (0ms)
		AwakeInstancesAfterBackupRestoration (6ms)
Launched and connected shader compiler UnityShaderCompiler.exe after 0.04 seconds
Refreshing native plugins compatible for Editor in 7.14 ms, found 4 plugins.
Preloading 0 native plugins for Editor in 0.00 ms.
Unloading 6333 Unused Serialized files (Serialized files now loaded: 0)
Unloading 106 unused Assets / (424.4 KB). Loaded Objects now: 6798.
Memory consumption went from 247.1 MB to 246.7 MB.
Total: 10.111800 ms (FindLiveObjects: 1.380800 ms CreateObjectMapping: 0.848900 ms MarkObjects: 7.248400 ms  DeleteObjects: 0.565400 ms)

AssetImportParameters requested are different than current active one (requested -> active):
  custom:srp/default-shader: ff2869b2ce7c09b51d8bc2926aab598d -> d785cba07c15c19b5a745ff29a9f9c43
  custom:container-demuxer-ogg: 62fdf1f143b41e24485cea50d1cbac27 -> 
  custom:video-codec-MediaFoundation-h265: 746d11721c4dcdbdad8f713fa42b33f4 -> 
  custom:video-decoder-ogg-theora: a1e56fd34408186e4bbccfd4996cb3dc -> 
  custom:framework-win-MediaFoundation: 216162199b28c13a410421893ffa2e32 -> 
  custom:CustomObjectIndexerAttribute: 72b91833f83ae208fae7752999fa3104 -> 
  custom:container-demuxer-webm: 4f35f7cbe854078d1ac9338744f61a02 -> 
  custom:container-muxer-webm: aa71ff27fc2769a1b78a27578f13a17b -> 
  custom:video-decoder-webm-vp8: 9c59270c3fd7afecdb556c50c9e8de78 -> 
  custom:SearchIndexIgnoredProperties: e643bd26f0fe6173181afceb89e7c659 -> 
  custom:AudioImporter_EditorPlatform: d09bf68614088b80899f8185d706f6e7 -> 
  custom:video-encoder-webm-vp8: eb34c28f22e8b96e1ab97ce403110664 -> 
  custom:audio-decoder-ogg-vorbis: bf7c407c2cedff20999df2af8eb42d56 -> 
  custom:audio-encoder-webm-vorbis: bf7c407c2cedff20999df2af8eb42d56 -> 
========================================================================
Received Import Request.
  Time since last request: 142207.281180 seconds.
  path: Assets/Samples/Input System/1.7.0/Rebinding UI/Icons/XboxOne_Y.png
  artifactKey: Guid(17fd7d74524d4cc4ea612a100880d012) Importer(815301076,1909f56bfc062723c751e8b465ee728b)
Start importing Assets/Samples/Input System/1.7.0/Rebinding UI/Icons/XboxOne_Y.png using Guid(17fd7d74524d4cc4ea612a100880d012) Importer(815301076,1909f56bfc062723c751e8b465ee728b) [PhysX] Initialized MultithreadedTaskDispatcher with 16 workers.
[PhysX] Initialized MultithreadedTaskDispatcher with 16 workers.
 -> (artifact id: 'd65d744487a944e58bcbe397fcb2a1ce') in 0.094299 seconds
Number of updated asset objects reloaded before import = 0
Number of asset objects unloaded after import = 3
========================================================================
Received Import Request.
  Time since last request: 0.000027 seconds.
  path: Assets/Samples/Input System/1.7.0/Rebinding UI/Icons/XboxOne_RT.png
  artifactKey: Guid(0ae60af4bd5e539409acc10ec4300105) Importer(815301076,1909f56bfc062723c751e8b465ee728b)
Start importing Assets/Samples/Input System/1.7.0/Rebinding UI/Icons/XboxOne_RT.png using Guid(0ae60af4bd5e539409acc10ec4300105) Importer(815301076,1909f56bfc062723c751e8b465ee728b) [PhysX] Initialized MultithreadedTaskDispatcher with 16 workers.
[PhysX] Initialized MultithreadedTaskDispatcher with 16 workers.
 -> (artifact id: 'c8975d3d0cebfc36c2f4a5d8d2a641bb') in 0.023755 seconds
Number of updated asset objects reloaded before import = 0
Number of asset objects unloaded after import = 3
========================================================================
Received Import Request.
  Time since last request: 0.000023 seconds.
  path: Assets/Samples/Input System/1.7.0/Rebinding UI/Icons/XboxOne_Right_Stick.png
  artifactKey: Guid(9c61f7c9d0b7b8b4f9d2350b73289e23) Importer(815301076,1909f56bfc062723c751e8b465ee728b)
Start importing Assets/Samples/Input System/1.7.0/Rebinding UI/Icons/XboxOne_Right_Stick.png using Guid(9c61f7c9d0b7b8b4f9d2350b73289e23) Importer(815301076,1909f56bfc062723c751e8b465ee728b) [PhysX] Initialized MultithreadedTaskDispatcher with 16 workers.
[PhysX] Initialized MultithreadedTaskDispatcher with 16 workers.
 -> (artifact id: '2d848a123e3490c93c1f85cab320f5a4') in 0.028683 seconds
Number of updated asset objects reloaded before import = 0
Number of asset objects unloaded after import = 3
========================================================================
Received Import Request.
  Time since last request: 0.061228 seconds.
  path: Assets/Samples/Input System/1.7.0/Rebinding UI/Icons/XboxOne_Left_Stick.png
  artifactKey: Guid(139b83464b859cd429d0370dc816028c) Importer(815301076,1909f56bfc062723c751e8b465ee728b)
Start importing Assets/Samples/Input System/1.7.0/Rebinding UI/Icons/XboxOne_Left_Stick.png using Guid(139b83464b859cd429d0370dc816028c) Importer(815301076,1909f56bfc062723c751e8b465ee728b) [PhysX] Initialized MultithreadedTaskDispatcher with 16 workers.
[PhysX] Initialized MultithreadedTaskDispatcher with 16 workers.
 -> (artifact id: 'ac570cb7a98cae892eb6f298254d5da9') in 0.017278 seconds
Number of updated asset objects reloaded before import = 0
Number of asset objects unloaded after import = 3
========================================================================
Received Import Request.
  Time since last request: 0.000017 seconds.
  path: Assets/Samples/Input System/1.7.0/Rebinding UI/Icons/XboxOne_Menu.png
  artifactKey: Guid(5c1e24bea89729e4a8ed25e26a432f84) Importer(815301076,1909f56bfc062723c751e8b465ee728b)
Start importing Assets/Samples/Input System/1.7.0/Rebinding UI/Icons/XboxOne_Menu.png using Guid(5c1e24bea89729e4a8ed25e26a432f84) Importer(815301076,1909f56bfc062723c751e8b465ee728b) [PhysX] Initialized MultithreadedTaskDispatcher with 16 workers.
[PhysX] Initialized MultithreadedTaskDispatcher with 16 workers.
 -> (artifact id: 'bb6d6514cfc7622a72e313270bab238e') in 0.016114 seconds
Number of updated asset objects reloaded before import = 0
Number of asset objects unloaded after import = 3
========================================================================
Received Import Request.
  Time since last request: 0.000017 seconds.
  path: Assets/Samples/Input System/1.7.0/Rebinding UI/Icons/XboxOne_A.png
  artifactKey: Guid(f609c9b3b1675f947a865ec558b5ad90) Importer(815301076,1909f56bfc062723c751e8b465ee728b)
Start importing Assets/Samples/Input System/1.7.0/Rebinding UI/Icons/XboxOne_A.png using Guid(f609c9b3b1675f947a865ec558b5ad90) Importer(815301076,1909f56bfc062723c751e8b465ee728b) [PhysX] Initialized MultithreadedTaskDispatcher with 16 workers.
[PhysX] Initialized MultithreadedTaskDispatcher with 16 workers.
 -> (artifact id: '074343d9e0efca36b73ba54575da33b5') in 0.013959 seconds
Number of updated asset objects reloaded before import = 0
Number of asset objects unloaded after import = 3
========================================================================
Received Import Request.
  Time since last request: 0.000017 seconds.
  path: Assets/Samples/Input System/1.7.0/Rebinding UI/Icons/XboxOne_Dpad.png
  artifactKey: Guid(d1610599218d48042bffac0712c379a6) Importer(815301076,1909f56bfc062723c751e8b465ee728b)
Start importing Assets/Samples/Input System/1.7.0/Rebinding UI/Icons/XboxOne_Dpad.png using Guid(d1610599218d48042bffac0712c379a6) Importer(815301076,1909f56bfc062723c751e8b465ee728b) [PhysX] Initialized MultithreadedTaskDispatcher with 16 workers.
[PhysX] Initialized MultithreadedTaskDispatcher with 16 workers.
 -> (artifact id: '0bf37aceafe1a5f4a8132cea3ef1bdfd') in 0.017538 seconds
Number of updated asset objects reloaded before import = 0
Number of asset objects unloaded after import = 3
========================================================================
Received Import Request.
  Time since last request: 0.000019 seconds.
  path: Assets/Samples/Input System/1.7.0/Rebinding UI/Icons/XboxOne_Dpad_Up.png
  artifactKey: Guid(4cc6aa9aa8107734da22c80d289cff98) Importer(815301076,1909f56bfc062723c751e8b465ee728b)
Start importing Assets/Samples/Input System/1.7.0/Rebinding UI/Icons/XboxOne_Dpad_Up.png using Guid(4cc6aa9aa8107734da22c80d289cff98) Importer(815301076,1909f56bfc062723c751e8b465ee728b) [PhysX] Initialized MultithreadedTaskDispatcher with 16 workers.
[PhysX] Initialized MultithreadedTaskDispatcher with 16 workers.
 -> (artifact id: '576cb4c300d524be2821fcc5563dc712') in 0.019239 seconds
Number of updated asset objects reloaded before import = 0
Number of asset objects unloaded after import = 3
========================================================================
Received Import Request.
  Time since last request: 0.000015 seconds.
  path: Assets/Samples/Input System/1.7.0/Rebinding UI/Icons/XboxOne_Dpad_Left.png
  artifactKey: Guid(44d8f279ef345c442ae875caa0c26731) Importer(815301076,1909f56bfc062723c751e8b465ee728b)
Start importing Assets/Samples/Input System/1.7.0/Rebinding UI/Icons/XboxOne_Dpad_Left.png using Guid(44d8f279ef345c442ae875caa0c26731) Importer(815301076,1909f56bfc062723c751e8b465ee728b) [PhysX] Initialized MultithreadedTaskDispatcher with 16 workers.
[PhysX] Initialized MultithreadedTaskDispatcher with 16 workers.
 -> (artifact id: '1779f71113bb6d6c2bfd8f29b7f72f1a') in 0.016146 seconds
Number of updated asset objects reloaded before import = 0
Number of asset objects unloaded after import = 3
========================================================================
Received Import Request.
  Time since last request: 0.006849 seconds.
  path: Assets/Asset Platformer/PNG/Enemies/wormGreen.png
  artifactKey: Guid(3d3374bfe6c814b4286634102ae27a38) Importer(815301076,1909f56bfc062723c751e8b465ee728b)
Start importing Assets/Asset Platformer/PNG/Enemies/wormGreen.png using Guid(3d3374bfe6c814b4286634102ae27a38) Importer(815301076,1909f56bfc062723c751e8b465ee728b) [PhysX] Initialized MultithreadedTaskDispatcher with 16 workers.
[PhysX] Initialized MultithreadedTaskDispatcher with 16 workers.
 -> (artifact id: '84e143527d9db2f84ebad07511f9fd4d') in 0.031059 seconds
Number of updated asset objects reloaded before import = 0
Number of asset objects unloaded after import = 3
========================================================================
Received Import Request.
  Time since last request: 0.000023 seconds.
  path: Assets/Asset Platformer/PNG/Enemies/wormGreen_move.png
  artifactKey: Guid(3f33e0c4cafdf7c4987536d11eed804a) Importer(815301076,1909f56bfc062723c751e8b465ee728b)
Start importing Assets/Asset Platformer/PNG/Enemies/wormGreen_move.png using Guid(3f33e0c4cafdf7c4987536d11eed804a) Importer(815301076,1909f56bfc062723c751e8b465ee728b) [PhysX] Initialized MultithreadedTaskDispatcher with 16 workers.
[PhysX] Initialized MultithreadedTaskDispatcher with 16 workers.
 -> (artifact id: '481bbb5c0bb02ee403f7106b20112a4e') in 0.021032 seconds
Number of updated asset objects reloaded before import = 0
Number of asset objects unloaded after import = 3
========================================================================
Received Import Request.
  Time since last request: 0.000030 seconds.
  path: Assets/Asset Platformer/PNG/Enemies/wormGreen_dead.png
  artifactKey: Guid(1c9984e9f4192024f922de843e41cf51) Importer(815301076,1909f56bfc062723c751e8b465ee728b)
Start importing Assets/Asset Platformer/PNG/Enemies/wormGreen_dead.png using Guid(1c9984e9f4192024f922de843e41cf51) Importer(815301076,1909f56bfc062723c751e8b465ee728b) [PhysX] Initialized MultithreadedTaskDispatcher with 16 workers.
[PhysX] Initialized MultithreadedTaskDispatcher with 16 workers.
 -> (artifact id: '4f0285dee75bf003a8b7077b5a13b34d') in 0.022657 seconds
Number of updated asset objects reloaded before import = 0
Number of asset objects unloaded after import = 3
========================================================================
Received Import Request.
  Time since last request: 0.000025 seconds.
  path: Assets/Asset Platformer/PNG/Tiles/weight.png
  artifactKey: Guid(0225531afab50014aa98a6c657a77438) Importer(815301076,1909f56bfc062723c751e8b465ee728b)
Start importing Assets/Asset Platformer/PNG/Tiles/weight.png using Guid(0225531afab50014aa98a6c657a77438) Importer(815301076,1909f56bfc062723c751e8b465ee728b) [PhysX] Initialized MultithreadedTaskDispatcher with 16 workers.
[PhysX] Initialized MultithreadedTaskDispatcher with 16 workers.
 -> (artifact id: '5401db41615b42a17da1b4fa5e8926cc') in 0.022940 seconds
Number of updated asset objects reloaded before import = 0
Number of asset objects unloaded after import = 3
========================================================================
Received Import Request.
  Time since last request: 0.017139 seconds.
  path: Assets/Asset Platformer/PNG/Tiles/water.png
  artifactKey: Guid(eb3d2bf619f1acd42a14cd95d597d71e) Importer(815301076,1909f56bfc062723c751e8b465ee728b)
Start importing Assets/Asset Platformer/PNG/Tiles/water.png using Guid(eb3d2bf619f1acd42a14cd95d597d71e) Importer(815301076,1909f56bfc062723c751e8b465ee728b) [PhysX] Initialized MultithreadedTaskDispatcher with 16 workers.
[PhysX] Initialized MultithreadedTaskDispatcher with 16 workers.
 -> (artifact id: '39253f7983845d2b1f3e47cdc727f7ef') in 0.017848 seconds
Number of updated asset objects reloaded before import = 0
Number of asset objects unloaded after import = 3
========================================================================
Received Import Request.
  Time since last request: 0.000026 seconds.
  path: Assets/Asset Platformer/PNG/Tiles/waterTop_high.png
  artifactKey: Guid(b3b7c803250e95c489463fcb94af54cc) Importer(815301076,1909f56bfc062723c751e8b465ee728b)
Start importing Assets/Asset Platformer/PNG/Tiles/waterTop_high.png using Guid(b3b7c803250e95c489463fcb94af54cc) Importer(815301076,1909f56bfc062723c751e8b465ee728b) [PhysX] Initialized MultithreadedTaskDispatcher with 16 workers.
[PhysX] Initialized MultithreadedTaskDispatcher with 16 workers.
 -> (artifact id: '8f0aaada8619f8ac40ae67647349e301') in 0.018110 seconds
Number of updated asset objects reloaded before import = 0
Number of asset objects unloaded after import = 3
========================================================================
Received Import Request.
  Time since last request: 0.000146 seconds.
  path: Assets/Asset Platformer/PNG/Ground/Stone/stoneRight.png
  artifactKey: Guid(c1b7cc9d636056741a8e3b3c613de835) Importer(815301076,1909f56bfc062723c751e8b465ee728b)
Start importing Assets/Asset Platformer/PNG/Ground/Stone/stoneRight.png using Guid(c1b7cc9d636056741a8e3b3c613de835) Importer(815301076,1909f56bfc062723c751e8b465ee728b) [PhysX] Initialized MultithreadedTaskDispatcher with 16 workers.
[PhysX] Initialized MultithreadedTaskDispatcher with 16 workers.
 -> (artifact id: '581d802e3e1b715885ffc274e07b4304') in 0.015599 seconds
Number of updated asset objects reloaded before import = 0
Number of asset objects unloaded after import = 3
========================================================================
Received Import Request.
  Time since last request: 0.000020 seconds.
  path: Assets/Asset Platformer/PNG/Tiles/switchGreen.png
  artifactKey: Guid(5b642a8f4bd32cf49b82280f8b9e1666) Importer(815301076,1909f56bfc062723c751e8b465ee728b)
Start importing Assets/Asset Platformer/PNG/Tiles/switchGreen.png using Guid(5b642a8f4bd32cf49b82280f8b9e1666) Importer(815301076,1909f56bfc062723c751e8b465ee728b) [PhysX] Initialized MultithreadedTaskDispatcher with 16 workers.
[PhysX] Initialized MultithreadedTaskDispatcher with 16 workers.
 -> (artifact id: '8ae2d8f895f3b7491ecda2a1a34a051e') in 0.016903 seconds
Number of updated asset objects reloaded before import = 0
Number of asset objects unloaded after import = 3
========================================================================
Received Import Request.
  Time since last request: 0.000018 seconds.
  path: Assets/Asset Platformer/PNG/Tiles/switchRed_pressed.png
  artifactKey: Guid(fed1a32af1ad0db4a9c840777a5e04e6) Importer(815301076,1909f56bfc062723c751e8b465ee728b)
Start importing Assets/Asset Platformer/PNG/Tiles/switchRed_pressed.png using Guid(fed1a32af1ad0db4a9c840777a5e04e6) Importer(815301076,1909f56bfc062723c751e8b465ee728b) [PhysX] Initialized MultithreadedTaskDispatcher with 16 workers.
[PhysX] Initialized MultithreadedTaskDispatcher with 16 workers.
 -> (artifact id: '0953c7d3df8409fec7f90d5acae94d90') in 0.016920 seconds
Number of updated asset objects reloaded before import = 0
Number of asset objects unloaded after import = 3
========================================================================
Received Import Request.
  Time since last request: 0.000021 seconds.
  path: Assets/Asset Platformer/PNG/Tiles/torch1.png
  artifactKey: Guid(ca10b88a506c48c4d80df6e6cd878e76) Importer(815301076,1909f56bfc062723c751e8b465ee728b)
Start importing Assets/Asset Platformer/PNG/Tiles/torch1.png using Guid(ca10b88a506c48c4d80df6e6cd878e76) Importer(815301076,1909f56bfc062723c751e8b465ee728b) [PhysX] Initialized MultithreadedTaskDispatcher with 16 workers.
[PhysX] Initialized MultithreadedTaskDispatcher with 16 workers.
 -> (artifact id: '5854734f48b84eacfbc9a8639c3acd73') in 0.021333 seconds
Number of updated asset objects reloaded before import = 0
Number of asset objects unloaded after import = 3
========================================================================
Received Import Request.
  Time since last request: 0.000018 seconds.
  path: Assets/Asset Platformer/PNG/Tiles/switchYellow.png
  artifactKey: Guid(942131e71fdb61c45a4806daa91f86f3) Importer(815301076,1909f56bfc062723c751e8b465ee728b)
Start importing Assets/Asset Platformer/PNG/Tiles/switchYellow.png using Guid(942131e71fdb61c45a4806daa91f86f3) Importer(815301076,1909f56bfc062723c751e8b465ee728b) [PhysX] Initialized MultithreadedTaskDispatcher with 16 workers.
[PhysX] Initialized MultithreadedTaskDispatcher with 16 workers.
 -> (artifact id: 'be8095859a2a5e2b27456b17c8da965c') in 0.021896 seconds
Number of updated asset objects reloaded before import = 0
Number of asset objects unloaded after import = 3
========================================================================
Received Import Request.
  Time since last request: 0.000022 seconds.
  path: Assets/Asset Platformer/PNG/Tiles/switchYellow_pressed.png
  artifactKey: Guid(6ff1af166d8071b4c9447d243934766f) Importer(815301076,1909f56bfc062723c751e8b465ee728b)
Start importing Assets/Asset Platformer/PNG/Tiles/switchYellow_pressed.png using Guid(6ff1af166d8071b4c9447d243934766f) Importer(815301076,1909f56bfc062723c751e8b465ee728b) [PhysX] Initialized MultithreadedTaskDispatcher with 16 workers.
[PhysX] Initialized MultithreadedTaskDispatcher with 16 workers.
 -> (artifact id: '982bfb7970ebcb2a25f000576d882f0c') in 0.022110 seconds
Number of updated asset objects reloaded before import = 0
Number of asset objects unloaded after import = 3
========================================================================
Received Import Request.
  Time since last request: 0.057209 seconds.
  path: Assets/Asset Platformer/PNG/Ground/Stone/stoneHill_left.png
  artifactKey: Guid(582a5271b93617e4a892c46b8171e4bd) Importer(815301076,1909f56bfc062723c751e8b465ee728b)
Start importing Assets/Asset Platformer/PNG/Ground/Stone/stoneHill_left.png using Guid(582a5271b93617e4a892c46b8171e4bd) Importer(815301076,1909f56bfc062723c751e8b465ee728b) [PhysX] Initialized MultithreadedTaskDispatcher with 16 workers.
[PhysX] Initialized MultithreadedTaskDispatcher with 16 workers.
 -> (artifact id: '32fc23233348ae88d981ac4ff2bd95dd') in 0.018109 seconds
Number of updated asset objects reloaded before import = 0
Number of asset objects unloaded after import = 3
========================================================================
Received Import Request.
  Time since last request: 0.000057 seconds.
  path: Assets/Asset Platformer/PNG/Ground/Stone/stoneHill_right.png
  artifactKey: Guid(4e98c6adb1e97e34186d858a720f4f1f) Importer(815301076,1909f56bfc062723c751e8b465ee728b)
Start importing Assets/Asset Platformer/PNG/Ground/Stone/stoneHill_right.png using Guid(4e98c6adb1e97e34186d858a720f4f1f) Importer(815301076,1909f56bfc062723c751e8b465ee728b) [PhysX] Initialized MultithreadedTaskDispatcher with 16 workers.
[PhysX] Initialized MultithreadedTaskDispatcher with 16 workers.
 -> (artifact id: '9b944b23b09e2a8a9c477a5edbb13bab') in 0.019614 seconds
Number of updated asset objects reloaded before import = 0
Number of asset objects unloaded after import = 3
========================================================================
Received Import Request.
  Time since last request: 0.002238 seconds.
  path: Assets/Asset Platformer/PNG/Ground/Stone/stoneCenter.png
  artifactKey: Guid(8990b97fea0b7b04eb108dbd93261abc) Importer(815301076,1909f56bfc062723c751e8b465ee728b)
Start importing Assets/Asset Platformer/PNG/Ground/Stone/stoneCenter.png using Guid(8990b97fea0b7b04eb108dbd93261abc) Importer(815301076,1909f56bfc062723c751e8b465ee728b) [PhysX] Initialized MultithreadedTaskDispatcher with 16 workers.
[PhysX] Initialized MultithreadedTaskDispatcher with 16 workers.
 -> (artifact id: '4f5ad178ec38d1344b8ecd0211ec4df3') in 0.018126 seconds
Number of updated asset objects reloaded before import = 0
Number of asset objects unloaded after import = 3
========================================================================
Received Import Request.
  Time since last request: 0.000019 seconds.
  path: Assets/Asset Platformer/PNG/Ground/Stone/stoneCliff_right.png
  artifactKey: Guid(9a539b7fd9647e14796c5a58db2bce26) Importer(815301076,1909f56bfc062723c751e8b465ee728b)
Start importing Assets/Asset Platformer/PNG/Ground/Stone/stoneCliff_right.png using Guid(9a539b7fd9647e14796c5a58db2bce26) Importer(815301076,1909f56bfc062723c751e8b465ee728b) [PhysX] Initialized MultithreadedTaskDispatcher with 16 workers.
[PhysX] Initialized MultithreadedTaskDispatcher with 16 workers.
 -> (artifact id: '22aaf87ed1a71875ac37a4013468a5ab') in 0.015075 seconds
Number of updated asset objects reloaded before import = 0
Number of asset objects unloaded after import = 3
========================================================================
Received Import Request.
  Time since last request: 0.000017 seconds.
  path: Assets/Asset Platformer/PNG/Ground/Stone/stoneCorner_left.png
  artifactKey: Guid(c0497cc8379de4b47b61ecafffbb4af2) Importer(815301076,1909f56bfc062723c751e8b465ee728b)
Start importing Assets/Asset Platformer/PNG/Ground/Stone/stoneCorner_left.png using Guid(c0497cc8379de4b47b61ecafffbb4af2) Importer(815301076,1909f56bfc062723c751e8b465ee728b) [PhysX] Initialized MultithreadedTaskDispatcher with 16 workers.
[PhysX] Initialized MultithreadedTaskDispatcher with 16 workers.
 -> (artifact id: '21278ae9d1a364d951e609955ebc49ac') in 0.018096 seconds
Number of updated asset objects reloaded before import = 0
Number of asset objects unloaded after import = 3
========================================================================
Received Import Request.
  Time since last request: 0.000020 seconds.
  path: Assets/Asset Platformer/PNG/Ground/Stone/stoneHalf.png
  artifactKey: Guid(d93b8d5fd1039854aadd73045176a56a) Importer(815301076,1909f56bfc062723c751e8b465ee728b)
Start importing Assets/Asset Platformer/PNG/Ground/Stone/stoneHalf.png using Guid(d93b8d5fd1039854aadd73045176a56a) Importer(815301076,1909f56bfc062723c751e8b465ee728b) [PhysX] Initialized MultithreadedTaskDispatcher with 16 workers.
[PhysX] Initialized MultithreadedTaskDispatcher with 16 workers.
 -> (artifact id: '13d9dfac928d4d98946090cb86b555bf') in 0.021805 seconds
Number of updated asset objects reloaded before import = 0
Number of asset objects unloaded after import = 3
========================================================================
Received Import Request.
  Time since last request: 0.000018 seconds.
  path: Assets/Asset Platformer/PNG/Ground/Stone/stoneCorner_right.png
  artifactKey: Guid(4dcfcf2dca851c84899957d71988b9f9) Importer(815301076,1909f56bfc062723c751e8b465ee728b)
Start importing Assets/Asset Platformer/PNG/Ground/Stone/stoneCorner_right.png using Guid(4dcfcf2dca851c84899957d71988b9f9) Importer(815301076,1909f56bfc062723c751e8b465ee728b) [PhysX] Initialized MultithreadedTaskDispatcher with 16 workers.
[PhysX] Initialized MultithreadedTaskDispatcher with 16 workers.
 -> (artifact id: '72b0ff9ab8939d9eed817e95c40d14df') in 0.019894 seconds
Number of updated asset objects reloaded before import = 0
Number of asset objects unloaded after import = 3
========================================================================
Received Import Request.
  Time since last request: 0.000022 seconds.
  path: Assets/Asset Platformer/PNG/Ground/Stone/stoneCenter_rounded.png
  artifactKey: Guid(5e6daeb62196b944fadfa90d8df7829b) Importer(815301076,1909f56bfc062723c751e8b465ee728b)
Start importing Assets/Asset Platformer/PNG/Ground/Stone/stoneCenter_rounded.png using Guid(5e6daeb62196b944fadfa90d8df7829b) Importer(815301076,1909f56bfc062723c751e8b465ee728b) [PhysX] Initialized MultithreadedTaskDispatcher with 16 workers.
[PhysX] Initialized MultithreadedTaskDispatcher with 16 workers.
 -> (artifact id: '1bc33f7e6f1a802f03208181e646be94') in 0.021195 seconds
Number of updated asset objects reloaded before import = 0
Number of asset objects unloaded after import = 3
========================================================================
Received Import Request.
  Time since last request: 0.056981 seconds.
  path: Assets/Asset Platformer/Spritesheets/spritesheet_tiles.png
  artifactKey: Guid(5ba8e8334f33ef640b916de31b9a588d) Importer(815301076,1909f56bfc062723c751e8b465ee728b)
Start importing Assets/Asset Platformer/Spritesheets/spritesheet_tiles.png using Guid(5ba8e8334f33ef640b916de31b9a588d) Importer(815301076,1909f56bfc062723c751e8b465ee728b) [PhysX] Initialized MultithreadedTaskDispatcher with 16 workers.
[PhysX] Initialized MultithreadedTaskDispatcher with 16 workers.
 -> (artifact id: '22dce9a5f92ab11a2547eb950090e77a') in 0.020679 seconds
Number of updated asset objects reloaded before import = 0
Number of asset objects unloaded after import = 3
========================================================================
Received Import Request.
  Time since last request: 0.000024 seconds.
  path: Assets/Asset Platformer/PNG/Ground/Snow/snowHalf.png
  artifactKey: Guid(4877dc881a4748146bf21c9d513623dd) Importer(815301076,1909f56bfc062723c751e8b465ee728b)
Start importing Assets/Asset Platformer/PNG/Ground/Snow/snowHalf.png using Guid(4877dc881a4748146bf21c9d513623dd) Importer(815301076,1909f56bfc062723c751e8b465ee728b) [PhysX] Initialized MultithreadedTaskDispatcher with 16 workers.
[PhysX] Initialized MultithreadedTaskDispatcher with 16 workers.
 -> (artifact id: 'ef3a3bcf3bcd8e3d0442df14c13b37c9') in 0.016311 seconds
Number of updated asset objects reloaded before import = 0
Number of asset objects unloaded after import = 3
========================================================================
Received Import Request.
  Time since last request: 0.000021 seconds.
  path: Assets/Asset Platformer/PNG/Ground/Snow/snowHalf_mid.png
  artifactKey: Guid(28725f8bfbbcf614c81b388da53a67bf) Importer(815301076,1909f56bfc062723c751e8b465ee728b)
Start importing Assets/Asset Platformer/PNG/Ground/Snow/snowHalf_mid.png using Guid(28725f8bfbbcf614c81b388da53a67bf) Importer(815301076,1909f56bfc062723c751e8b465ee728b) [PhysX] Initialized MultithreadedTaskDispatcher with 16 workers.
[PhysX] Initialized MultithreadedTaskDispatcher with 16 workers.
 -> (artifact id: '3f70f1a7d631230a936d99dc15b9eb5f') in 0.015666 seconds
Number of updated asset objects reloaded before import = 0
Number of asset objects unloaded after import = 3
========================================================================
Received Import Request.
  Time since last request: 0.000017 seconds.
  path: Assets/Asset Platformer/PNG/Ground/Snow/snowHill_left.png
  artifactKey: Guid(3e8c6704956b39b40b927b46b40b00c3) Importer(815301076,1909f56bfc062723c751e8b465ee728b)
Start importing Assets/Asset Platformer/PNG/Ground/Snow/snowHill_left.png using Guid(3e8c6704956b39b40b927b46b40b00c3) Importer(815301076,1909f56bfc062723c751e8b465ee728b) [PhysX] Initialized MultithreadedTaskDispatcher with 16 workers.
[PhysX] Initialized MultithreadedTaskDispatcher with 16 workers.
 -> (artifact id: 'de4f4e883679241f29c6d5d76aa96f30') in 0.015371 seconds
Number of updated asset objects reloaded before import = 0
Number of asset objects unloaded after import = 3
========================================================================
Received Import Request.
  Time since last request: 0.000018 seconds.
  path: Assets/Asset Platformer/PNG/Tiles/spikes.png
  artifactKey: Guid(9f4a7be671f71ac469a567346e01d7ff) Importer(815301076,1909f56bfc062723c751e8b465ee728b)
Start importing Assets/Asset Platformer/PNG/Tiles/spikes.png using Guid(9f4a7be671f71ac469a567346e01d7ff) Importer(815301076,1909f56bfc062723c751e8b465ee728b) [PhysX] Initialized MultithreadedTaskDispatcher with 16 workers.
[PhysX] Initialized MultithreadedTaskDispatcher with 16 workers.
 -> (artifact id: 'a4b98cfb1132f0789dcfc47f1df96a40') in 0.015216 seconds
Number of updated asset objects reloaded before import = 0
Number of asset objects unloaded after import = 3
========================================================================
Received Import Request.
  Time since last request: 0.000018 seconds.
  path: Assets/Asset Platformer/PNG/Ground/Snow/snowRight.png
  artifactKey: Guid(898aecd083ca9634daa270264afd5d0a) Importer(815301076,1909f56bfc062723c751e8b465ee728b)
Start importing Assets/Asset Platformer/PNG/Ground/Snow/snowRight.png using Guid(898aecd083ca9634daa270264afd5d0a) Importer(815301076,1909f56bfc062723c751e8b465ee728b) [PhysX] Initialized MultithreadedTaskDispatcher with 16 workers.
[PhysX] Initialized MultithreadedTaskDispatcher with 16 workers.
 -> (artifact id: '0ccfa942c1fb025ad5527e0ea040008a') in 0.017964 seconds
Number of updated asset objects reloaded before import = 0
Number of asset objects unloaded after import = 3
========================================================================
Received Import Request.
  Time since last request: 0.000022 seconds.
  path: Assets/Asset Platformer/Spritesheets/spritesheet_hud.png
  artifactKey: Guid(a417f1e9d1f442f4eb85a38bd859fa12) Importer(815301076,1909f56bfc062723c751e8b465ee728b)
Start importing Assets/Asset Platformer/Spritesheets/spritesheet_hud.png using Guid(a417f1e9d1f442f4eb85a38bd859fa12) Importer(815301076,1909f56bfc062723c751e8b465ee728b) [PhysX] Initialized MultithreadedTaskDispatcher with 16 workers.
[PhysX] Initialized MultithreadedTaskDispatcher with 16 workers.
 -> (artifact id: 'b0363954797161c4e0a8b7de80c97341') in 0.025040 seconds
Number of updated asset objects reloaded before import = 0
Number of asset objects unloaded after import = 3
========================================================================
Received Import Request.
  Time since last request: 0.000200 seconds.
  path: Assets/Asset Platformer/Spritesheets/spritesheet_complete.png
  artifactKey: Guid(6d147cc992ae5464987d863f946646f8) Importer(815301076,1909f56bfc062723c751e8b465ee728b)
Start importing Assets/Asset Platformer/Spritesheets/spritesheet_complete.png using Guid(6d147cc992ae5464987d863f946646f8) Importer(815301076,1909f56bfc062723c751e8b465ee728b) [PhysX] Initialized MultithreadedTaskDispatcher with 16 workers.
[PhysX] Initialized MultithreadedTaskDispatcher with 16 workers.
 -> (artifact id: '1446535e8d7e6c8fcefa8da88f4f4a60') in 0.024426 seconds
Number of updated asset objects reloaded before import = 0
Number of asset objects unloaded after import = 3
========================================================================
Received Import Request.
  Time since last request: 0.000033 seconds.
  path: Assets/Asset Platformer/Spritesheets/spritesheet_items.png
  artifactKey: Guid(400718f4f23478f468cad0a28ffc8aef) Importer(815301076,1909f56bfc062723c751e8b465ee728b)
Start importing Assets/Asset Platformer/Spritesheets/spritesheet_items.png using Guid(400718f4f23478f468cad0a28ffc8aef) Importer(815301076,1909f56bfc062723c751e8b465ee728b) [PhysX] Initialized MultithreadedTaskDispatcher with 16 workers.
[PhysX] Initialized MultithreadedTaskDispatcher with 16 workers.
 -> (artifact id: '589c507267ea00de7e91f64365d1ebb3') in 0.024718 seconds
Number of updated asset objects reloaded before import = 0
Number of asset objects unloaded after import = 3
========================================================================
Received Import Request.
  Time since last request: 0.000023 seconds.
  path: Assets/Asset Platformer/Spritesheets/spritesheet_ground.png
  artifactKey: Guid(3ef1ffaf2d490f346a52d6999cd63354) Importer(815301076,1909f56bfc062723c751e8b465ee728b)
Start importing Assets/Asset Platformer/Spritesheets/spritesheet_ground.png using Guid(3ef1ffaf2d490f346a52d6999cd63354) Importer(815301076,1909f56bfc062723c751e8b465ee728b) [PhysX] Initialized MultithreadedTaskDispatcher with 16 workers.
[PhysX] Initialized MultithreadedTaskDispatcher with 16 workers.
 -> (artifact id: '642fd75f5c1952a0f74372a67dc90aa7') in 0.025069 seconds
Number of updated asset objects reloaded before import = 0
Number of asset objects unloaded after import = 3
========================================================================
Received Import Request.
  Time since last request: 0.007205 seconds.
  path: Assets/Asset Platformer/PNG/Ground/Snow/snowCliffAlt_right.png
  artifactKey: Guid(0b48f652f9ae25344904c266c27344cb) Importer(815301076,1909f56bfc062723c751e8b465ee728b)
Start importing Assets/Asset Platformer/PNG/Ground/Snow/snowCliffAlt_right.png using Guid(0b48f652f9ae25344904c266c27344cb) Importer(815301076,1909f56bfc062723c751e8b465ee728b) [PhysX] Initialized MultithreadedTaskDispatcher with 16 workers.
[PhysX] Initialized MultithreadedTaskDispatcher with 16 workers.
 -> (artifact id: '9917d0c6fc5716b4bef9f1d72b2165c6') in 0.020112 seconds
Number of updated asset objects reloaded before import = 0
Number of asset objects unloaded after import = 3
========================================================================
Received Import Request.
  Time since last request: 0.000024 seconds.
  path: Assets/Asset Platformer/PNG/Ground/Snow/snowCorner_left.png
  artifactKey: Guid(5451b154098340c468c3e4b042f8a235) Importer(815301076,1909f56bfc062723c751e8b465ee728b)
Start importing Assets/Asset Platformer/PNG/Ground/Snow/snowCorner_left.png using Guid(5451b154098340c468c3e4b042f8a235) Importer(815301076,1909f56bfc062723c751e8b465ee728b) [PhysX] Initialized MultithreadedTaskDispatcher with 16 workers.
[PhysX] Initialized MultithreadedTaskDispatcher with 16 workers.
 -> (artifact id: '0fdbbb4931bb0209e4dbc6cde97019cf') in 0.020681 seconds
Number of updated asset objects reloaded before import = 0
Number of asset objects unloaded after import = 3
========================================================================
Received Import Request.
  Time since last request: 0.010600 seconds.
  path: Assets/Asset Platformer/PNG/Enemies/slimeGreen_hit.png
  artifactKey: Guid(e8817cdeaf5bc564aaa069ded4ef91c6) Importer(815301076,1909f56bfc062723c751e8b465ee728b)
Start importing Assets/Asset Platformer/PNG/Enemies/slimeGreen_hit.png using Guid(e8817cdeaf5bc564aaa069ded4ef91c6) Importer(815301076,1909f56bfc062723c751e8b465ee728b) [PhysX] Initialized MultithreadedTaskDispatcher with 16 workers.
[PhysX] Initialized MultithreadedTaskDispatcher with 16 workers.
 -> (artifact id: 'bba59ab294daf005ae8dbcafec654a12') in 0.015246 seconds
Number of updated asset objects reloaded before import = 0
Number of asset objects unloaded after import = 3
========================================================================
Received Import Request.
  Time since last request: 0.000025 seconds.
  path: Assets/Asset Platformer/PNG/Enemies/slimePurple_dead.png
  artifactKey: Guid(5ddeab56fdcbb614c9b62da21a0d3ac9) Importer(815301076,1909f56bfc062723c751e8b465ee728b)
Start importing Assets/Asset Platformer/PNG/Enemies/slimePurple_dead.png using Guid(5ddeab56fdcbb614c9b62da21a0d3ac9) Importer(815301076,1909f56bfc062723c751e8b465ee728b) [PhysX] Initialized MultithreadedTaskDispatcher with 16 workers.
[PhysX] Initialized MultithreadedTaskDispatcher with 16 workers.
 -> (artifact id: '9bd2397056c101a85639919f9b8051ab') in 0.017524 seconds
Number of updated asset objects reloaded before import = 0
Number of asset objects unloaded after import = 3
========================================================================
Received Import Request.
  Time since last request: 0.000029 seconds.
  path: Assets/Asset Platformer/PNG/Enemies/slimePurple.png
  artifactKey: Guid(87f8b639a8c1cb24b855e9d5305421ae) Importer(815301076,1909f56bfc062723c751e8b465ee728b)
Start importing Assets/Asset Platformer/PNG/Enemies/slimePurple.png using Guid(87f8b639a8c1cb24b855e9d5305421ae) Importer(815301076,1909f56bfc062723c751e8b465ee728b) [PhysX] Initialized MultithreadedTaskDispatcher with 16 workers.
[PhysX] Initialized MultithreadedTaskDispatcher with 16 workers.
 -> (artifact id: 'df0ef5a26e7e4302e1fa504c04704ac8') in 0.017694 seconds
Number of updated asset objects reloaded before import = 0
Number of asset objects unloaded after import = 3
========================================================================
Received Import Request.
  Time since last request: 0.000028 seconds.
  path: Assets/Asset Platformer/PNG/Enemies/snail_shell.png
  artifactKey: Guid(ba72720635ed69f4580e216c96be3b40) Importer(815301076,1909f56bfc062723c751e8b465ee728b)
Start importing Assets/Asset Platformer/PNG/Enemies/snail_shell.png using Guid(ba72720635ed69f4580e216c96be3b40) Importer(815301076,1909f56bfc062723c751e8b465ee728b) [PhysX] Initialized MultithreadedTaskDispatcher with 16 workers.
[PhysX] Initialized MultithreadedTaskDispatcher with 16 workers.
 -> (artifact id: 'ba65d27f409ddab8f72a1958b8fd744f') in 0.017319 seconds
Number of updated asset objects reloaded before import = 0
Number of asset objects unloaded after import = 3
========================================================================
Received Import Request.
  Time since last request: 0.000021 seconds.
  path: Assets/Asset Platformer/PNG/Ground/Snow/snowCenter_rounded.png
  artifactKey: Guid(c6deb10dd2bcdbd4cba37eb7963848f1) Importer(815301076,1909f56bfc062723c751e8b465ee728b)
Start importing Assets/Asset Platformer/PNG/Ground/Snow/snowCenter_rounded.png using Guid(c6deb10dd2bcdbd4cba37eb7963848f1) Importer(815301076,1909f56bfc062723c751e8b465ee728b) [PhysX] Initialized MultithreadedTaskDispatcher with 16 workers.
[PhysX] Initialized MultithreadedTaskDispatcher with 16 workers.
 -> (artifact id: '66a42ce3bb52973315ec9fb806385555') in 0.020543 seconds
Number of updated asset objects reloaded before import = 0
Number of asset objects unloaded after import = 3
========================================================================
Received Import Request.
  Time since last request: 0.000023 seconds.
  path: Assets/Asset Platformer/PNG/Enemies/snail.png
  artifactKey: Guid(37bd20a9c8e753849af9e3ff476db93d) Importer(815301076,1909f56bfc062723c751e8b465ee728b)
Start importing Assets/Asset Platformer/PNG/Enemies/snail.png using Guid(37bd20a9c8e753849af9e3ff476db93d) Importer(815301076,1909f56bfc062723c751e8b465ee728b) [PhysX] Initialized MultithreadedTaskDispatcher with 16 workers.
[PhysX] Initialized MultithreadedTaskDispatcher with 16 workers.
 -> (artifact id: '5e32cd5732253955b05e516afabcb91f') in 0.020651 seconds
Number of updated asset objects reloaded before import = 0
Number of asset objects unloaded after import = 3
========================================================================
Received Import Request.
  Time since last request: 0.000019 seconds.
  path: Assets/Asset Platformer/PNG/Ground/Snow/snowCliff_right.png
  artifactKey: Guid(5559ac68c98256a4593ef5bc2267c4d3) Importer(815301076,1909f56bfc062723c751e8b465ee728b)
Start importing Assets/Asset Platformer/PNG/Ground/Snow/snowCliff_right.png using Guid(5559ac68c98256a4593ef5bc2267c4d3) Importer(815301076,1909f56bfc062723c751e8b465ee728b) [PhysX] Initialized MultithreadedTaskDispatcher with 16 workers.
[PhysX] Initialized MultithreadedTaskDispatcher with 16 workers.
 -> (artifact id: 'e1680bec41b29b116cf77e3d469a8d35') in 0.021297 seconds
Number of updated asset objects reloaded before import = 0
Number of asset objects unloaded after import = 3
========================================================================
Received Import Request.
  Time since last request: 0.000036 seconds.
  path: Assets/Asset Platformer/PNG/Enemies/slimePurple_move.png
  artifactKey: Guid(def196147725ea848a29148a327dd128) Importer(815301076,1909f56bfc062723c751e8b465ee728b)
Start importing Assets/Asset Platformer/PNG/Enemies/slimePurple_move.png using Guid(def196147725ea848a29148a327dd128) Importer(815301076,1909f56bfc062723c751e8b465ee728b) [PhysX] Initialized MultithreadedTaskDispatcher with 16 workers.
[PhysX] Initialized MultithreadedTaskDispatcher with 16 workers.
 -> (artifact id: 'acc256190eb34f7d4cabbb3ec16ddcfb') in 0.020634 seconds
Number of updated asset objects reloaded before import = 0
Number of asset objects unloaded after import = 3
========================================================================
Received Import Request.
  Time since last request: 1.150453 seconds.
  path: Assets/Asset Platformer/PNG/Enemies/slimeBlue_hit.png
  artifactKey: Guid(3380a8d2f78c260438794000596362c8) Importer(815301076,1909f56bfc062723c751e8b465ee728b)
Start importing Assets/Asset Platformer/PNG/Enemies/slimeBlue_hit.png using Guid(3380a8d2f78c260438794000596362c8) Importer(815301076,1909f56bfc062723c751e8b465ee728b) [PhysX] Initialized MultithreadedTaskDispatcher with 16 workers.
[PhysX] Initialized MultithreadedTaskDispatcher with 16 workers.
 -> (artifact id: '6e4293da3c2406c3033b96ed3d6ddad8') in 0.020276 seconds
Number of updated asset objects reloaded before import = 0
Number of asset objects unloaded after import = 3
========================================================================
Received Import Request.
  Time since last request: 0.000027 seconds.
  path: Assets/Asset Platformer/PNG/Enemies/slimeBlue_move.png
  artifactKey: Guid(b37b928a89ddfa7499ef66061b5ad7c2) Importer(815301076,1909f56bfc062723c751e8b465ee728b)
Start importing Assets/Asset Platformer/PNG/Enemies/slimeBlue_move.png using Guid(b37b928a89ddfa7499ef66061b5ad7c2) Importer(815301076,1909f56bfc062723c751e8b465ee728b) [PhysX] Initialized MultithreadedTaskDispatcher with 16 workers.
[PhysX] Initialized MultithreadedTaskDispatcher with 16 workers.
 -> (artifact id: 'f6aeed8d3f404020596d5d50fc64aa13') in 0.018517 seconds
Number of updated asset objects reloaded before import = 0
Number of asset objects unloaded after import = 3
========================================================================
Received Import Request.
  Time since last request: 0.000020 seconds.
  path: Assets/Asset Platformer/PNG/Enemies/sawHalf.png
  artifactKey: Guid(99d0fead02ca03741a49e81469484965) Importer(815301076,1909f56bfc062723c751e8b465ee728b)
Start importing Assets/Asset Platformer/PNG/Enemies/sawHalf.png using Guid(99d0fead02ca03741a49e81469484965) Importer(815301076,1909f56bfc062723c751e8b465ee728b) [PhysX] Initialized MultithreadedTaskDispatcher with 16 workers.
[PhysX] Initialized MultithreadedTaskDispatcher with 16 workers.
 -> (artifact id: '4d13f1bdaf42a22d0a908aaf74b67d3b') in 0.016561 seconds
Number of updated asset objects reloaded before import = 0
Number of asset objects unloaded after import = 3
========================================================================
Received Import Request.
  Time since last request: 0.000018 seconds.
  path: Assets/Asset Platformer/PNG/Tiles/sign.png
  artifactKey: Guid(0dc0b210bcdbb1e42a7c9f16eeb41422) Importer(815301076,1909f56bfc062723c751e8b465ee728b)
Start importing Assets/Asset Platformer/PNG/Tiles/sign.png using Guid(0dc0b210bcdbb1e42a7c9f16eeb41422) Importer(815301076,1909f56bfc062723c751e8b465ee728b) [PhysX] Initialized MultithreadedTaskDispatcher with 16 workers.
[PhysX] Initialized MultithreadedTaskDispatcher with 16 workers.
 -> (artifact id: '47b81e0c9df8bf74a86236f70387173b') in 0.017267 seconds
Number of updated asset objects reloaded before import = 0
Number of asset objects unloaded after import = 3
========================================================================
Received Import Request.
  Time since last request: 0.000025 seconds.
  path: Assets/Asset Platformer/PNG/Tiles/signRight.png
  artifactKey: Guid(9ee27424e341c2b47b0d84d4b3f10ec6) Importer(815301076,1909f56bfc062723c751e8b465ee728b)
Start importing Assets/Asset Platformer/PNG/Tiles/signRight.png using Guid(9ee27424e341c2b47b0d84d4b3f10ec6) Importer(815301076,1909f56bfc062723c751e8b465ee728b) [PhysX] Initialized MultithreadedTaskDispatcher with 16 workers.
[PhysX] Initialized MultithreadedTaskDispatcher with 16 workers.
 -> (artifact id: 'f8375ad990590a4ef2b78bfe1d81c381') in 0.017220 seconds
Number of updated asset objects reloaded before import = 0
Number of asset objects unloaded after import = 3
========================================================================
Received Import Request.
  Time since last request: 0.000044 seconds.
  path: Assets/Asset Platformer/PNG/Enemies/slimeBlock_move.png
  artifactKey: Guid(5b8e08e95aced9a40b45c0249ee3a609) Importer(815301076,1909f56bfc062723c751e8b465ee728b)
Start importing Assets/Asset Platformer/PNG/Enemies/slimeBlock_move.png using Guid(5b8e08e95aced9a40b45c0249ee3a609) Importer(815301076,1909f56bfc062723c751e8b465ee728b) [PhysX] Initialized MultithreadedTaskDispatcher with 16 workers.
[PhysX] Initialized MultithreadedTaskDispatcher with 16 workers.
 -> (artifact id: '871068e93a0888998dc3c244ae151fb9') in 0.020800 seconds
Number of updated asset objects reloaded before import = 0
Number of asset objects unloaded after import = 3
========================================================================
Received Import Request.
  Time since last request: 0.000022 seconds.
  path: Assets/Asset Platformer/PNG/Enemies/slimeBlock_dead.png
  artifactKey: Guid(f8ad95c7e0d25ea4dbc6ae161296279c) Importer(815301076,1909f56bfc062723c751e8b465ee728b)
Start importing Assets/Asset Platformer/PNG/Enemies/slimeBlock_dead.png using Guid(f8ad95c7e0d25ea4dbc6ae161296279c) Importer(815301076,1909f56bfc062723c751e8b465ee728b) [PhysX] Initialized MultithreadedTaskDispatcher with 16 workers.
[PhysX] Initialized MultithreadedTaskDispatcher with 16 workers.
 -> (artifact id: 'e83d738220211c7f47d60b6a4039d585') in 0.017845 seconds
Number of updated asset objects reloaded before import = 0
Number of asset objects unloaded after import = 3
========================================================================
Received Import Request.
  Time since last request: 0.000022 seconds.
  path: Assets/Asset Platformer/PNG/HUD/hudKey_green.png
  artifactKey: Guid(eb27b6fa84ac9fc43b72841809eec727) Importer(815301076,1909f56bfc062723c751e8b465ee728b)
Start importing Assets/Asset Platformer/PNG/HUD/hudKey_green.png using Guid(eb27b6fa84ac9fc43b72841809eec727) Importer(815301076,1909f56bfc062723c751e8b465ee728b) [PhysX] Initialized MultithreadedTaskDispatcher with 16 workers.
[PhysX] Initialized MultithreadedTaskDispatcher with 16 workers.
 -> (artifact id: 'c2698f8e9a31f863973399e7549682a0') in 0.019081 seconds
Number of updated asset objects reloaded before import = 0
Number of asset objects unloaded after import = 3
========================================================================
Received Import Request.
  Time since last request: 0.000025 seconds.
  path: Assets/Asset Platformer/PNG/HUD/hudKey_red.png
  artifactKey: Guid(bcce638db88915b49bb3ba6138badb44) Importer(815301076,1909f56bfc062723c751e8b465ee728b)
Start importing Assets/Asset Platformer/PNG/HUD/hudKey_red.png using Guid(bcce638db88915b49bb3ba6138badb44) Importer(815301076,1909f56bfc062723c751e8b465ee728b) [PhysX] Initialized MultithreadedTaskDispatcher with 16 workers.
[PhysX] Initialized MultithreadedTaskDispatcher with 16 workers.
 -> (artifact id: '622668ce8445f892bffdf0ae823db865') in 0.016713 seconds
Number of updated asset objects reloaded before import = 0
Number of asset objects unloaded after import = 3
========================================================================
Received Import Request.
  Time since last request: 0.000022 seconds.
  path: Assets/Asset Platformer/PNG/HUD/hudPlayer_beige.png
  artifactKey: Guid(abd4036707e94e74e9b5bd23ca8bbe82) Importer(815301076,1909f56bfc062723c751e8b465ee728b)
Start importing Assets/Asset Platformer/PNG/HUD/hudPlayer_beige.png using Guid(abd4036707e94e74e9b5bd23ca8bbe82) Importer(815301076,1909f56bfc062723c751e8b465ee728b) [PhysX] Initialized MultithreadedTaskDispatcher with 16 workers.
[PhysX] Initialized MultithreadedTaskDispatcher with 16 workers.
 -> (artifact id: '458288caa1fa0eda53f7b252e3b0c489') in 0.018568 seconds
Number of updated asset objects reloaded before import = 0
Number of asset objects unloaded after import = 3
========================================================================
Received Import Request.
  Time since last request: 0.000021 seconds.
  path: Assets/Asset Platformer/PNG/HUD/hudPlayer_green.png
  artifactKey: Guid(951242df18065144b8ec3c3789b8b9f0) Importer(815301076,1909f56bfc062723c751e8b465ee728b)
Start importing Assets/Asset Platformer/PNG/HUD/hudPlayer_green.png using Guid(951242df18065144b8ec3c3789b8b9f0) Importer(815301076,1909f56bfc062723c751e8b465ee728b) [PhysX] Initialized MultithreadedTaskDispatcher with 16 workers.
[PhysX] Initialized MultithreadedTaskDispatcher with 16 workers.
 -> (artifact id: '042cef03bd7055254d32e034dcd08d35') in 0.016591 seconds
Number of updated asset objects reloaded before import = 0
Number of asset objects unloaded after import = 3
========================================================================
Received Import Request.
  Time since last request: 0.000015 seconds.
  path: Assets/Asset Platformer/PNG/HUD/hudX.png
  artifactKey: Guid(eed4f404c699a734ea1681ee24572909) Importer(815301076,1909f56bfc062723c751e8b465ee728b)
Start importing Assets/Asset Platformer/PNG/HUD/hudX.png using Guid(eed4f404c699a734ea1681ee24572909) Importer(815301076,1909f56bfc062723c751e8b465ee728b) [PhysX] Initialized MultithreadedTaskDispatcher with 16 workers.
[PhysX] Initialized MultithreadedTaskDispatcher with 16 workers.
 -> (artifact id: '68c31e864ec84495c3919d8b62fd9654') in 0.021691 seconds
Number of updated asset objects reloaded before import = 0
Number of asset objects unloaded after import = 3
========================================================================
Received Import Request.
  Time since last request: 0.000018 seconds.
  path: Assets/Asset Platformer/PNG/Items/keyRed.png
  artifactKey: Guid(0da43f94fe6ca0847ab145797e2f65a0) Importer(815301076,1909f56bfc062723c751e8b465ee728b)
Start importing Assets/Asset Platformer/PNG/Items/keyRed.png using Guid(0da43f94fe6ca0847ab145797e2f65a0) Importer(815301076,1909f56bfc062723c751e8b465ee728b) [PhysX] Initialized MultithreadedTaskDispatcher with 16 workers.
[PhysX] Initialized MultithreadedTaskDispatcher with 16 workers.
 -> (artifact id: 'e47e65e4a0b2928af1e349bd2b711692') in 0.022474 seconds
Number of updated asset objects reloaded before import = 0
Number of asset objects unloaded after import = 3
========================================================================
Received Import Request.
  Time since last request: 0.000063 seconds.
  path: Assets/Asset Platformer/PNG/HUD/hudPlayer_yellow.png
  artifactKey: Guid(580b48f3398cb704ba574e70fa8d51c3) Importer(815301076,1909f56bfc062723c751e8b465ee728b)
Start importing Assets/Asset Platformer/PNG/HUD/hudPlayer_yellow.png using Guid(580b48f3398cb704ba574e70fa8d51c3) Importer(815301076,1909f56bfc062723c751e8b465ee728b) [PhysX] Initialized MultithreadedTaskDispatcher with 16 workers.
[PhysX] Initialized MultithreadedTaskDispatcher with 16 workers.
 -> (artifact id: '26bb0d915ae156f4b3e6a9b355ba43bf') in 0.020032 seconds
Number of updated asset objects reloaded before import = 0
Number of asset objects unloaded after import = 3
========================================================================
Received Import Request.
  Time since last request: 0.000027 seconds.
  path: Assets/Asset Platformer/PNG/Enemies/sawHalf_move.png
  artifactKey: Guid(5402548625c94094ea78d431c4dd591f) Importer(815301076,1909f56bfc062723c751e8b465ee728b)
Start importing Assets/Asset Platformer/PNG/Enemies/sawHalf_move.png using Guid(5402548625c94094ea78d431c4dd591f) Importer(815301076,1909f56bfc062723c751e8b465ee728b) [PhysX] Initialized MultithreadedTaskDispatcher with 16 workers.
[PhysX] Initialized MultithreadedTaskDispatcher with 16 workers.
 -> (artifact id: '19185de0e81fe04bfe8896b69f832837') in 0.022203 seconds
Number of updated asset objects reloaded before import = 0
Number of asset objects unloaded after import = 3
========================================================================
Received Import Request.
  Time since last request: 0.000025 seconds.
  path: Assets/Asset Platformer/PNG/HUD/hudKey_blue_empty.png
  artifactKey: Guid(72aa8a72fb9d40b4ca326f6895615d9e) Importer(815301076,1909f56bfc062723c751e8b465ee728b)
Start importing Assets/Asset Platformer/PNG/HUD/hudKey_blue_empty.png using Guid(72aa8a72fb9d40b4ca326f6895615d9e) Importer(815301076,1909f56bfc062723c751e8b465ee728b) [PhysX] Initialized MultithreadedTaskDispatcher with 16 workers.
[PhysX] Initialized MultithreadedTaskDispatcher with 16 workers.
 -> (artifact id: '1cbf046e6fc72a517e27f35b8f5c1865') in 0.024879 seconds
Number of updated asset objects reloaded before import = 0
Number of asset objects unloaded after import = 3
========================================================================
Received Prepare
Begin MonoManager ReloadAssembly
- Loaded All Assemblies, in  0.461 seconds
Refreshing native plugins compatible for Editor in 3.09 ms, found 4 plugins.
Native extension for WindowsStandalone target not found
Native extension for iOS target not found
Native extension for Android target not found
Native extension for WebGL target not found
[Package Manager] Server::EnsureServerProcessIsRunning -- launch failed, reason: Unity was launched with the -noUpm command-line argument
[Package Manager] UpmClient::Send -- Unable to send message (not connected to UPM process).
[Package Manager] Cannot connect to Unity Package Manager local server
Mono: successfully reloaded assembly
- Finished resetting the current domain, in  1.257 seconds
Domain Reload Profiling: 1716ms
	BeginReloadAssembly (155ms)
		ExecutionOrderSort (0ms)
		DisableScriptedObjects (9ms)
		BackupInstance (0ms)
		ReleaseScriptingObjects (0ms)
		CreateAndSetChildDomain (41ms)
	RebuildCommonClasses (28ms)
	RebuildNativeTypeToScriptingClass (9ms)
	initialDomainReloadingComplete (27ms)
	LoadAllAssembliesAndSetupDomain (240ms)
		LoadAssemblies (294ms)
		RebuildTransferFunctionScriptingTraits (0ms)
		AnalyzeDomain (18ms)
			TypeCache.Refresh (6ms)
				TypeCache.ScanAssembly (0ms)
			ScanForSourceGeneratedMonoScriptInfo (0ms)
			ResolveRequiredComponents (11ms)
	FinalizeReload (1258ms)
		ReleaseScriptCaches (0ms)
		RebuildScriptCaches (0ms)
		SetupLoadedEditorAssemblies (590ms)
			LogAssemblyErrors (0ms)
			InitializePlatformSupportModulesInManaged (36ms)
			SetLoadedEditorAssemblies (4ms)
			RefreshPlugins (0ms)
			BeforeProcessingInitializeOnLoad (78ms)
			ProcessInitializeOnLoadAttributes (376ms)
			ProcessInitializeOnLoadMethodAttributes (83ms)
			AfterProcessingInitializeOnLoad (12ms)
			EditorAssembliesLoaded (0ms)
		ExecutionOrderSort2 (0ms)
		AwakeInstancesAfterBackupRestoration (18ms)
Refreshing native plugins compatible for Editor in 6.67 ms, found 4 plugins.
Preloading 0 native plugins for Editor in 0.00 ms.
Unloading 6162 Unused Serialized files (Serialized files now loaded: 0)
Unloading 51 unused Assets / (394.0 KB). Loaded Objects now: 6827.
Memory consumption went from 214.7 MB to 214.4 MB.
Total: 11.883400 ms (FindLiveObjects: 1.662800 ms CreateObjectMapping: 0.908600 ms MarkObjects: 8.354000 ms  DeleteObjects: 0.955500 ms)

Prepare: number of updated asset objects reloaded= 0
AssetImportParameters requested are different than current active one (requested -> active):
  custom:srp/default-shader: ff2869b2ce7c09b51d8bc2926aab598d -> d785cba07c15c19b5a745ff29a9f9c43
  custom:container-demuxer-ogg: 62fdf1f143b41e24485cea50d1cbac27 -> 
  custom:video-codec-MediaFoundation-h265: 746d11721c4dcdbdad8f713fa42b33f4 -> 
  custom:video-decoder-ogg-theora: a1e56fd34408186e4bbccfd4996cb3dc -> 
  custom:framework-win-MediaFoundation: 216162199b28c13a410421893ffa2e32 -> 
  custom:CustomObjectIndexerAttribute: 72b91833f83ae208fae7752999fa3104 -> 
  custom:container-demuxer-webm: 4f35f7cbe854078d1ac9338744f61a02 -> 
  custom:container-muxer-webm: aa71ff27fc2769a1b78a27578f13a17b -> 
  custom:video-decoder-webm-vp8: 9c59270c3fd7afecdb556c50c9e8de78 -> 
  custom:SearchIndexIgnoredProperties: e643bd26f0fe6173181afceb89e7c659 -> 
  custom:AudioImporter_EditorPlatform: d09bf68614088b80899f8185d706f6e7 -> 
  custom:video-encoder-webm-vp8: eb34c28f22e8b96e1ab97ce403110664 -> 
  custom:audio-decoder-ogg-vorbis: bf7c407c2cedff20999df2af8eb42d56 -> 
  custom:audio-encoder-webm-vorbis: bf7c407c2cedff20999df2af8eb42d56 -> 
========================================================================
Received Prepare
Begin MonoManager ReloadAssembly
- Loaded All Assemblies, in  0.466 seconds
Refreshing native plugins compatible for Editor in 3.33 ms, found 4 plugins.
Native extension for WindowsStandalone target not found
Native extension for iOS target not found
Native extension for Android target not found
Native extension for WebGL target not found
[Package Manager] Server::EnsureServerProcessIsRunning -- launch failed, reason: Unity was launched with the -noUpm command-line argument
[Package Manager] UpmClient::Send -- Unable to send message (not connected to UPM process).
[Package Manager] Cannot connect to Unity Package Manager local server
Mono: successfully reloaded assembly
- Finished resetting the current domain, in  1.334 seconds
Domain Reload Profiling: 1797ms
	BeginReloadAssembly (161ms)
		ExecutionOrderSort (0ms)
		DisableScriptedObjects (9ms)
		BackupInstance (0ms)
		ReleaseScriptingObjects (0ms)
		CreateAndSetChildDomain (48ms)
	RebuildCommonClasses (29ms)
	RebuildNativeTypeToScriptingClass (9ms)
	initialDomainReloadingComplete (28ms)
	LoadAllAssembliesAndSetupDomain (235ms)
		LoadAssemblies (287ms)
		RebuildTransferFunctionScriptingTraits (0ms)
		AnalyzeDomain (19ms)
			TypeCache.Refresh (6ms)
				TypeCache.ScanAssembly (0ms)
			ScanForSourceGeneratedMonoScriptInfo (0ms)
			ResolveRequiredComponents (12ms)
	FinalizeReload (1334ms)
		ReleaseScriptCaches (0ms)
		RebuildScriptCaches (0ms)
		SetupLoadedEditorAssemblies (674ms)
			LogAssemblyErrors (0ms)
			InitializePlatformSupportModulesInManaged (37ms)
			SetLoadedEditorAssemblies (3ms)
			RefreshPlugins (0ms)
			BeforeProcessingInitializeOnLoad (79ms)
			ProcessInitializeOnLoadAttributes (463ms)
			ProcessInitializeOnLoadMethodAttributes (82ms)
			AfterProcessingInitializeOnLoad (9ms)
			EditorAssembliesLoaded (0ms)
		ExecutionOrderSort2 (0ms)
		AwakeInstancesAfterBackupRestoration (17ms)
Refreshing native plugins compatible for Editor in 6.60 ms, found 4 plugins.
Preloading 0 native plugins for Editor in 0.00 ms.
Unloading 6162 Unused Serialized files (Serialized files now loaded: 0)
Unloading 51 unused Assets / (393.1 KB). Loaded Objects now: 6844.
Memory consumption went from 214.7 MB to 214.4 MB.
Total: 11.442300 ms (FindLiveObjects: 1.558800 ms CreateObjectMapping: 0.740000 ms MarkObjects: 8.619500 ms  DeleteObjects: 0.522000 ms)

Prepare: number of updated asset objects reloaded= 0
AssetImportParameters requested are different than current active one (requested -> active):
  custom:srp/default-shader: ff2869b2ce7c09b51d8bc2926aab598d -> d785cba07c15c19b5a745ff29a9f9c43
  custom:container-demuxer-ogg: 62fdf1f143b41e24485cea50d1cbac27 -> 
  custom:video-codec-MediaFoundation-h265: 746d11721c4dcdbdad8f713fa42b33f4 -> 
  custom:video-decoder-ogg-theora: a1e56fd34408186e4bbccfd4996cb3dc -> 
  custom:framework-win-MediaFoundation: 216162199b28c13a410421893ffa2e32 -> 
  custom:CustomObjectIndexerAttribute: 72b91833f83ae208fae7752999fa3104 -> 
  custom:container-demuxer-webm: 4f35f7cbe854078d1ac9338744f61a02 -> 
  custom:container-muxer-webm: aa71ff27fc2769a1b78a27578f13a17b -> 
  custom:video-decoder-webm-vp8: 9c59270c3fd7afecdb556c50c9e8de78 -> 
  custom:SearchIndexIgnoredProperties: e643bd26f0fe6173181afceb89e7c659 -> 
  custom:AudioImporter_EditorPlatform: d09bf68614088b80899f8185d706f6e7 -> 
  custom:video-encoder-webm-vp8: eb34c28f22e8b96e1ab97ce403110664 -> 
  custom:audio-decoder-ogg-vorbis: bf7c407c2cedff20999df2af8eb42d56 -> 
  custom:audio-encoder-webm-vorbis: bf7c407c2cedff20999df2af8eb42d56 -> 
========================================================================
Received Import Request.
  Time since last request: 1058.820292 seconds.
  path: Assets/Sprites/Materials/Custom Universal Renderer Data.asset
  artifactKey: Guid(ea6502f44ce01d842bb4561ea2015893) Importer(815301076,1909f56bfc062723c751e8b465ee728b)
Start importing Assets/Sprites/Materials/Custom Universal Renderer Data.asset using Guid(ea6502f44ce01d842bb4561ea2015893) Importer(815301076,1909f56bfc062723c751e8b465ee728b) [PhysX] Initialized MultithreadedTaskDispatcher with 16 workers.
 -> (artifact id: 'cae879874dd382111e3a3495529cb82f') in 0.011551 seconds
Number of updated asset objects reloaded before import = 1
Number of asset objects unloaded after import = 0
========================================================================
Received Import Request.
  Time since last request: 0.000023 seconds.
  path: Assets/Sprites/Materials/Universal Render Pipeline Asset.asset
  artifactKey: Guid(abc17b4939a379c4db264a08df93ff20) Importer(815301076,1909f56bfc062723c751e8b465ee728b)
Start importing Assets/Sprites/Materials/Universal Render Pipeline Asset.asset using Guid(abc17b4939a379c4db264a08df93ff20) Importer(815301076,1909f56bfc062723c751e8b465ee728b) [PhysX] Initialized MultithreadedTaskDispatcher with 16 workers.
 -> (artifact id: '029df383e4729d94347f081eb18359c9') in 0.000836 seconds
Number of updated asset objects reloaded before import = 0
Number of asset objects unloaded after import = 0
Editor requested this worker to shutdown with reason: Scaling down because of idle timeout
TcpMessagingSession - receive error: operation aborted. errorcode: 995, details:  /   -       .
AssetImportWorker is now disconnected from the server
Process exiting
Exiting without the bug reporter. Application will terminate with return code 0